2025-01-16T05:27:08.591Z [[32minfo[39m] - This is an info message
2025-01-16T05:27:08.593Z [[33mwarn[39m] - This is a warning message
2025-01-16T05:27:08.593Z [[31merror[39m] - This is an error message
2025-01-16T05:27:08.594Z [[32minfo[39m] - User with ID 123 has logged in
2025-01-16T09:57:04.555Z [[32minfo[39m] - its working yash!
2025-01-16T09:57:04.559Z [[32minfo[39m] - User with ID 123 has logged in
2025-01-16T12:07:22.394Z [[32minfo[39m] - its working yash!
2025-01-16T12:07:22.397Z [[32minfo[39m] - User with ID 123 has logged in
2025-01-16T12:12:26.532Z [[32minfo[39m] - its working yash!
2025-01-16T12:12:26.534Z [[32minfo[39m] - User with ID 123 has logged in
2025-01-16T12:15:20.123Z [[32minfo[39m] - its working yash!
2025-01-16T12:15:20.125Z [[32minfo[39m] - User with ID 123 has logged in
2025-01-16T12:18:54.389Z [[32minfo[39m] - its working yash!
2025-01-16T12:18:54.392Z [[32minfo[39m] - User with ID 123 has logged in
2025-01-16T12:24:25.613Z [[32minfo[39m] - its working yash!
2025-01-16T12:24:25.616Z [[32minfo[39m] - User with ID 123 has logged in
2025-01-16T12:28:38.812Z [[32minfo[39m] - its working yash!
2025-01-16T12:28:38.814Z [[32minfo[39m] - User with ID 123 has logged in
2025-01-16T12:35:01.403Z [[32minfo[39m] - its working yash!
2025-01-16T12:35:01.424Z [[32minfo[39m] - User with ID 123 has logged in
2025-01-16T12:50:56.615Z [[32minfo[39m] - its working yash!
2025-01-16T12:50:56.618Z [[32minfo[39m] - User with ID 123 has logged in
2025-01-16T13:03:58.159Z [[32minfo[39m] - its working yash!
2025-01-16T13:03:58.161Z [[32minfo[39m] - User with ID 123 has logged in
2025-01-16T13:18:54.070Z [[32minfo[39m] - its working yash!
2025-01-16T13:18:54.073Z [[32minfo[39m] - User with ID 123 has logged in
2025-01-16T13:20:27.398Z [[32minfo[39m] - its working yash!
2025-01-16T13:20:27.400Z [[32minfo[39m] - User with ID 123 has logged in
2025-01-16T13:21:32.802Z [[32minfo[39m] - its working yash!
2025-01-16T13:21:32.805Z [[32minfo[39m] - User with ID 123 has logged in
2025-01-16T13:43:16.118Z [[32minfo[39m] - its working yash!
2025-01-16T13:43:16.120Z [[32minfo[39m] - User with ID 123 has logged in
2025-01-16T14:08:26.134Z [[32minfo[39m] - its working yash!
2025-01-16T14:08:26.137Z [[32minfo[39m] - User with ID 123 has logged in
2025-01-16T14:08:32.295Z [[32minfo[39m] - its working yash!
2025-01-16T14:08:32.297Z [[32minfo[39m] - User with ID 123 has logged in
2025-01-16T14:10:45.269Z [[32minfo[39m] - its working yash!
2025-01-16T14:10:45.272Z [[32minfo[39m] - User with ID 123 has logged in
2025-01-16T14:12:17.669Z [[32minfo[39m] - its working yash!
2025-01-16T14:12:17.671Z [[32minfo[39m] - User with ID 123 has logged in
2025-01-16T17:17:30.431Z [[32minfo[39m] - its working yash!
2025-01-16T17:17:30.435Z [[32minfo[39m] - User with ID 123 has logged in
2025-01-16T18:03:09.111Z [[32minfo[39m] - its working yash!
2025-01-16T18:03:09.114Z [[32minfo[39m] - User with ID 123 has logged in
2025-01-16T18:09:09.629Z [[32minfo[39m] - its working yash!
2025-01-16T18:09:09.633Z [[32minfo[39m] - User with ID 123 has logged in
2025-01-16T18:12:24.075Z [[32minfo[39m] - its working yash!
2025-01-16T18:12:24.080Z [[32minfo[39m] - User with ID 123 has logged in
2025-01-16T18:18:34.886Z [[32minfo[39m] - its working yash!
2025-01-16T18:18:34.889Z [[32minfo[39m] - User with ID 123 has logged in
2025-01-16T18:24:07.719Z [[32minfo[39m] - its working yash!
2025-01-16T18:24:07.723Z [[32minfo[39m] - User with ID 123 has logged in
2025-01-16T18:28:57.633Z [[32minfo[39m] - its working yash!
2025-01-16T18:28:57.635Z [[32minfo[39m] - User with ID 123 has logged in
2025-01-16T18:32:49.632Z [[32minfo[39m] - its working yash!
2025-01-16T18:32:49.634Z [[32minfo[39m] - User with ID 123 has logged in
2025-01-16T18:35:45.118Z [[32minfo[39m] - its working yash!
2025-01-16T18:35:45.121Z [[32minfo[39m] - User with ID 123 has logged in
2025-01-16T18:37:09.173Z [[32minfo[39m] - its working yash!
2025-01-16T18:37:09.175Z [[32minfo[39m] - User with ID 123 has logged in
2025-01-16T18:38:21.515Z [[32minfo[39m] - its working yash!
2025-01-16T18:38:21.518Z [[32minfo[39m] - User with ID 123 has logged in
2025-01-16T19:48:29.395Z [[32minfo[39m] - its working yash!
2025-01-16T19:48:29.400Z [[32minfo[39m] - User with ID 123 has logged in
2025-01-16T19:52:00.778Z [[32minfo[39m] - its working yash!
2025-01-16T19:52:00.816Z [[32minfo[39m] - User with ID 123 has logged in
2025-01-16T19:54:04.945Z [[32minfo[39m] - its working yash!
2025-01-16T19:54:04.947Z [[32minfo[39m] - User with ID 123 has logged in
2025-01-17T04:54:45.549Z [[32minfo[39m] - its working yash!
2025-01-17T04:54:45.552Z [[32minfo[39m] - User with ID 123 has logged in
2025-01-17T04:55:03.600Z [[32minfo[39m] - its working yash!
2025-01-17T04:55:03.602Z [[32minfo[39m] - User with ID 123 has logged in
2025-01-17T05:02:12.468Z [[32minfo[39m] - its working yash!
2025-01-17T05:02:12.471Z [[32minfo[39m] - User with ID 123 has logged in
2025-01-17T05:14:54.492Z [[32minfo[39m] - its working yash!
2025-01-17T05:14:54.495Z [[32minfo[39m] - User with ID 123 has logged in
2025-01-17T05:21:41.874Z [[32minfo[39m] - its working yash!
2025-01-17T05:21:41.876Z [[32minfo[39m] - User with ID 123 has logged in
2025-01-17T05:28:10.445Z [[32minfo[39m] - its working yash!
2025-01-17T05:28:10.448Z [[32minfo[39m] - User with ID 123 has logged in
2025-01-17T05:44:52.181Z [[32minfo[39m] - its working yash!
2025-01-17T05:44:52.185Z [[32minfo[39m] - User with ID 123 has logged in
2025-01-17T09:34:49.135Z [[32minfo[39m] - its working yash!
2025-01-17T09:34:49.138Z [[32minfo[39m] - User with ID 123 has logged in
2025-01-17T09:49:36.079Z [[32minfo[39m] - its working yash!
2025-01-17T09:49:36.083Z [[32minfo[39m] - User with ID 123 has logged in
2025-01-17T10:38:50.843Z [[32minfo[39m] - its working yash!
2025-01-17T10:38:50.847Z [[32minfo[39m] - User with ID 123 has logged in
2025-01-17T10:40:30.187Z [[32minfo[39m] - its working yash!
2025-01-17T10:40:30.189Z [[32minfo[39m] - User with ID 123 has logged in
2025-01-17T10:57:22.772Z [[32minfo[39m] - its working yash!
2025-01-17T10:57:22.774Z [[32minfo[39m] - User with ID 123 has logged in
2025-01-20T04:30:05.897Z [[32minfo[39m] - its working yash!
2025-01-20T04:30:05.900Z [[32minfo[39m] - User with ID 123 has logged in
2025-01-20T12:21:15.664Z [[32minfo[39m] - its working yash!
2025-01-20T12:21:15.666Z [[32minfo[39m] - User with ID 123 has logged in
2025-01-21T06:43:00.783Z [[32minfo[39m] - its working yash!
2025-01-21T06:43:00.785Z [[32minfo[39m] - User with ID 123 has logged in
2025-01-21T07:26:58.662Z [[32minfo[39m] - its working yash!
2025-01-21T07:26:58.664Z [[32minfo[39m] - User with ID 123 has logged in
2025-01-21T10:38:53.582Z [[32minfo[39m] - its working yash!
2025-01-21T10:38:53.584Z [[32minfo[39m] - User with ID 123 has logged in
2025-01-21T10:51:25.328Z [[32minfo[39m] - its working yash!
2025-01-21T10:51:25.330Z [[32minfo[39m] - User with ID 123 has logged in
2025-01-21T12:13:51.707Z [[32minfo[39m] - its working yash!
2025-01-21T12:13:51.709Z [[32minfo[39m] - User with ID 123 has logged in
2025-01-22T04:45:15.009Z [[32minfo[39m] - its working yash!
2025-01-22T04:45:15.011Z [[32minfo[39m] - User with ID 123 has logged in
2025-01-22T07:11:31.208Z [[32minfo[39m] - its working yash!
2025-01-22T07:11:31.211Z [[32minfo[39m] - User with ID 123 has logged in
2025-01-22T07:13:05.935Z [[32minfo[39m] - its working yash!
2025-01-22T07:13:05.939Z [[32minfo[39m] - User with ID 123 has logged in
2025-01-22T07:39:46.273Z [[32minfo[39m] - its working yash!
2025-01-22T07:39:46.278Z [[32minfo[39m] - User with ID 123 has logged in
2025-01-22T07:44:14.040Z [[32minfo[39m] - its working yash!
2025-01-22T07:44:14.043Z [[32minfo[39m] - User with ID 123 has logged in
2025-01-22T09:12:50.408Z [[32minfo[39m] - its working yash!
2025-01-22T09:12:50.411Z [[32minfo[39m] - User with ID 123 has logged in
2025-01-22T09:17:52.108Z [[32minfo[39m] - its working yash!
2025-01-22T09:17:52.110Z [[32minfo[39m] - User with ID 123 has logged in
2025-01-22T09:49:02.911Z [[32minfo[39m] - its working yash!
2025-01-22T09:49:02.913Z [[32minfo[39m] - User with ID 123 has logged in
2025-01-22T10:11:07.319Z [[32minfo[39m] - its working yash!
2025-01-22T10:11:07.322Z [[32minfo[39m] - User with ID 123 has logged in
2025-01-22T10:16:19.359Z [[32minfo[39m] - its working yash!
2025-01-22T10:16:19.362Z [[32minfo[39m] - User with ID 123 has logged in
2025-01-22T10:24:58.159Z [[32minfo[39m] - its working yash!
2025-01-22T10:24:58.162Z [[32minfo[39m] - User with ID 123 has logged in
2025-01-22T11:46:30.448Z [[32minfo[39m] - its working yash!
2025-01-22T11:46:30.454Z [[32minfo[39m] - User with ID 123 has logged in
2025-01-22T11:51:36.564Z [[32minfo[39m] - its working yash!
2025-01-22T11:51:36.566Z [[32minfo[39m] - User with ID 123 has logged in
2025-01-22T12:03:45.339Z [[32minfo[39m] - its working yash!
2025-01-22T12:03:45.342Z [[32minfo[39m] - User with ID 123 has logged in
2025-01-22T12:40:53.774Z [[32minfo[39m] - its working yash!
2025-01-22T12:40:53.776Z [[32minfo[39m] - User with ID 123 has logged in
2025-01-23T09:17:39.569Z [[32minfo[39m] - its working yash!
2025-01-23T09:17:39.573Z [[32minfo[39m] - User with ID 123 has logged in
2025-01-23T09:18:20.287Z [[32minfo[39m] - its working yash!
2025-01-23T09:18:20.289Z [[32minfo[39m] - User with ID 123 has logged in
2025-01-23T09:24:43.124Z [[32minfo[39m] - its working yash!
2025-01-23T09:24:43.126Z [[32minfo[39m] - User with ID 123 has logged in
2025-01-23T10:20:30.924Z [[32minfo[39m] - its working yash!
2025-01-23T10:20:30.926Z [[32minfo[39m] - User with ID 123 has logged in
2025-01-23T10:38:23.479Z [[32minfo[39m] - its working yash!
2025-01-23T10:38:23.482Z [[32minfo[39m] - User with ID 123 has logged in
2025-01-23T10:40:43.093Z [[32minfo[39m] - its working yash!
2025-01-23T10:40:43.095Z [[32minfo[39m] - User with ID 123 has logged in
2025-01-23T10:41:04.048Z [[32minfo[39m] - its working yash!
2025-01-23T10:41:04.050Z [[32minfo[39m] - User with ID 123 has logged in
2025-01-23T11:01:00.337Z [[32minfo[39m] - its working yash!
2025-01-23T11:01:00.341Z [[32minfo[39m] - User with ID 123 has logged in
2025-01-23T12:33:24.614Z [[32minfo[39m] - its working yash!
2025-01-23T12:33:24.616Z [[32minfo[39m] - User with ID 123 has logged in
2025-01-23T12:43:22.530Z [[32minfo[39m] - its working yash!
2025-01-23T12:43:22.533Z [[32minfo[39m] - User with ID 123 has logged in
2025-01-27T06:07:45.630Z [[32minfo[39m] - its working yash!
2025-01-27T06:07:45.633Z [[32minfo[39m] - User with ID 123 has logged in
2025-01-27T09:53:56.643Z [[32minfo[39m] - its working yash!
2025-01-27T09:53:56.646Z [[32minfo[39m] - User with ID 123 has logged in
2025-01-27T10:09:43.425Z [[32minfo[39m] - its working yash!
2025-01-27T10:09:43.427Z [[32minfo[39m] - User with ID 123 has logged in
2025-01-27T10:20:37.054Z [[32minfo[39m] - its working yash!
2025-01-27T10:20:37.056Z [[32minfo[39m] - User with ID 123 has logged in
2025-01-27T10:22:21.523Z [[32minfo[39m] - its working yash!
2025-01-27T10:22:21.525Z [[32minfo[39m] - User with ID 123 has logged in
2025-01-27T10:38:21.778Z [[32minfo[39m] - its working yash!
2025-01-27T10:38:21.780Z [[32minfo[39m] - User with ID 123 has logged in
2025-01-27T11:36:59.165Z [[32minfo[39m] - its working yash!
2025-01-27T11:36:59.167Z [[32minfo[39m] - User with ID 123 has logged in
2025-01-27T16:01:25.297Z [[32minfo[39m] - its working yash!
2025-01-27T16:01:25.299Z [[32minfo[39m] - User with ID 123 has logged in
2025-01-28T04:16:23.486Z [[32minfo[39m] - its working yash!
2025-01-28T04:16:23.497Z [[32minfo[39m] - User with ID 123 has logged in
2025-01-30T11:48:35.017Z [[32minfo[39m] - its working yash!
2025-01-30T11:48:35.019Z [[32minfo[39m] - User with ID 123 has logged in
2025-01-30T12:03:39.974Z [[32minfo[39m] - its working yash!
2025-01-30T12:03:39.976Z [[32minfo[39m] - User with ID 123 has logged in
2025-01-30T12:18:55.769Z [[32minfo[39m] - its working yash!
2025-01-30T12:18:55.771Z [[32minfo[39m] - User with ID 123 has logged in
